#
# There is insufficient memory for the Java Runtime Environment to continue.
# Native memory allocation (mmap) failed to map 266338304 bytes for G1 virtual space
# Possible reasons:
#   The system is out of physical RAM or swap space
#   The process is running with CompressedOops enabled, and the Java Heap may be blocking the growth of the native heap
# Possible solutions:
#   Reduce memory load on the system
#   Increase physical memory or swap space
#   Check if swap backing store is full
#   Decrease Java heap size (-Xmx/-Xms)
#   Decrease number of Java threads
#   Decrease Java thread stack sizes (-Xss)
#   Set larger code cache with -XX:ReservedCodeCacheSize=
#   JVM is running with Zero Based Compressed Oops mode in which the Java heap is
#     placed in the first 32GB address space. The Java Heap base address is the
#     maximum limit for the native heap growth. Please use -XX:HeapBaseMinAddress
#     to set the Java Heap base and to place the Java Heap above 32GB virtual address.
# This output file may be truncated or incomplete.
#
#  Out of Memory Error (os_windows.cpp:3528), pid=19380, tid=24832
#
# JRE version:  (20.0.1+9) (build )
# Java VM: OpenJDK 64-Bit Server VM (20.0.1+9-29, mixed mode, sharing, tiered, compressed oops, compressed class ptrs, g1 gc, windows-amd64)
# No core dump will be written. Minidumps are not enabled by default on client versions of Windows
#

---------------  S U M M A R Y ------------

Command Line: -javaagent:E:\Program Files\JetBrains\IntelliJ IDEA 2023.1.3\lib\idea_rt.jar=60099:E:\program files\JetBrains\IntelliJ IDEA 2023.1.3\bin -Dfile.encoding=UTF-8 -Dsun.stdout.encoding=UTF-8 -Dsun.stderr.encoding=UTF-8 ThreadTest2

Host: Intel(R) Core(TM) i5-8500 CPU @ 3.00GHz, 6 cores, 15G,  Windows 10 , 64 bit Build 19041 (10.0.19041.3155)
Time: Mon Aug 21 16:01:56 2023  Windows 10 , 64 bit Build 19041 (10.0.19041.3155) elapsed time: 0.012849 seconds (0d 0h 0m 0s)

---------------  T H R E A D  ---------------

Current thread (0x00000206d4851a60):  JavaThread "Unknown thread" [_thread_in_vm, id=24832, stack(0x0000002d32500000,0x0000002d32600000)]

Stack: [0x0000002d32500000,0x0000002d32600000]
Native frames: (J=compiled Java code, j=interpreted, Vv=VM code, C=native code)
V  [jvm.dll+0x6bb95a]
V  [jvm.dll+0x8485fa]
V  [jvm.dll+0x84a1f5]
V  [jvm.dll+0x84a8f3]
V  [jvm.dll+0x280b0f]
V  [jvm.dll+0x6b86e9]
V  [jvm.dll+0x6ad2da]
V  [jvm.dll+0x35adf5]
V  [jvm.dll+0x363016]
V  [jvm.dll+0x3b3b3e]
V  [jvm.dll+0x3b3dc5]
V  [jvm.dll+0x32b50a]
V  [jvm.dll+0x32c32b]
V  [jvm.dll+0x8112bf]
V  [jvm.dll+0x3c0d91]
V  [jvm.dll+0x7fcfe3]
V  [jvm.dll+0x44c76f]
V  [jvm.dll+0x44e0e1]
C  [jli.dll+0x5287]
C  [ucrtbase.dll+0x21bb2]
C  [KERNEL32.DLL+0x17614]
C  [ntdll.dll+0x526b1]


---------------  P R O C E S S  ---------------

Threads class SMR info:
_java_thread_list=0x00007fffd126a098, length=0, elements={
}

Java Threads: ( => current thread )

Other Threads:
  0x00000206d48c12b0 WorkerThread "GC Thread#0" [stack: 0x0000002d32600000,0x0000002d32700000] [id=29100]
  0x00000206d48d20e0 ConcurrentGCThread "G1 Main Marker" [stack: 0x0000002d32700000,0x0000002d32800000] [id=27256]
  0x00000206d48d32b0 WorkerThread "G1 Conc#0" [stack: 0x0000002d32800000,0x0000002d32900000] [id=7104]

[error occurred during error reporting (printing all threads), id 0xc0000005, EXCEPTION_ACCESS_VIOLATION (0xc0000005) at pc=0x00007fffd0a4eb47]
VM state: not at safepoint (not fully initialized)

VM Mutex/Monitor currently owned by a thread:  ([mutex/lock_event])
[0x00000206d484c050] Heap_lock - owner thread: 0x00000206d4851a60

Heap address: 0x0000000702800000, size: 4056 MB, Compressed Oops mode: Zero based, Oop shift amount: 3

CDS archive(s) mapped at: [0x0000000000000000-0x0000000000000000-0x0000000000000000), size 0, SharedBaseAddress: 0x0000000800000000, ArchiveRelocationMode: 0.
Narrow klass base: 0x0000000000000000, Narrow klass shift: 0, Narrow klass range: 0x0

GC Precious Log:
 CardTable entry size: 512
 Card Set container configuration: InlinePtr #cards 4 size 8 Array Of Cards #cards 16 size 48 Howl #buckets 8 coarsen threshold 3686 Howl Bitmap #cards 512 size 80 coarsen threshold 460 Card regions per heap region 1 cards per card region 4096

Heap:
 garbage-first heap   total 0K, used 0K [0x0000000702800000, 0x0000000800000000)
  region size 2048K, 0 young (0K), 0 survivors (0K)

[error occurred during error reporting (printing heap information), id 0xc0000005, EXCEPTION_ACCESS_VIOLATION (0xc0000005) at pc=0x00007fffd0e23c59]
GC Heap History (0 events):
No events

Dll operation events (1 events):
Event: 0.009 Loaded shared library C:\Users\DELL\.jdks\openjdk-20.0.1\bin\java.dll

Deoptimization events (0 events):
No events

Classes loaded (0 events):
No events

Classes unloaded (0 events):
No events

Classes redefined (0 events):
No events

Internal exceptions (0 events):
No events

VM Operations (0 events):
No events

Events (0 events):
No events


Dynamic libraries:
0x00007ff6c3c10000 - 0x00007ff6c3c1e000 	C:\Users\DELL\.jdks\openjdk-20.0.1\bin\java.exe
0x00007ff8346f0000 - 0x00007ff8348e8000 	C:\WINDOWS\SYSTEM32\ntdll.dll
0x00007ff834580000 - 0x00007ff83463f000 	C:\WINDOWS\System32\KERNEL32.DLL
0x00007ff831fb0000 - 0x00007ff8322a6000 	C:\WINDOWS\System32\KERNELBASE.dll
0x00007ff832650000 - 0x00007ff832750000 	C:\WINDOWS\System32\ucrtbase.dll
0x00007ff81ef20000 - 0x00007ff81ef37000 	C:\Users\DELL\.jdks\openjdk-20.0.1\bin\jli.dll
0x00007ff81ee70000 - 0x00007ff81ee8b000 	C:\Users\DELL\.jdks\openjdk-20.0.1\bin\VCRUNTIME140.dll
0x00007ff8332b0000 - 0x00007ff83344d000 	C:\WINDOWS\System32\USER32.dll
0x00007ff831ef0000 - 0x00007ff831f12000 	C:\WINDOWS\System32\win32u.dll
0x00007ff810230000 - 0x00007ff8104ca000 	C:\WINDOWS\WinSxS\amd64_microsoft.windows.common-controls_6595b64144ccf1df_6.0.19041.1110_none_60b5254171f9507e\COMCTL32.dll
0x00007ff833830000 - 0x00007ff83385c000 	C:\WINDOWS\System32\GDI32.dll
0x00007ff834450000 - 0x00007ff8344ee000 	C:\WINDOWS\System32\msvcrt.dll
0x00007ff831dd0000 - 0x00007ff831ee5000 	C:\WINDOWS\System32\gdi32full.dll
0x00007ff8322b0000 - 0x00007ff83234d000 	C:\WINDOWS\System32\msvcp_win.dll
0x00007ff833590000 - 0x00007ff8335c0000 	C:\WINDOWS\System32\IMM32.DLL
0x00007ff82aae0000 - 0x00007ff82aaec000 	C:\Users\DELL\.jdks\openjdk-20.0.1\bin\vcruntime140_1.dll
0x00007ff81ede0000 - 0x00007ff81ee6e000 	C:\Users\DELL\.jdks\openjdk-20.0.1\bin\msvcp140.dll
0x00007fffd0710000 - 0x00007fffd13a7000 	C:\Users\DELL\.jdks\openjdk-20.0.1\bin\server\jvm.dll
0x00007ff833bc0000 - 0x00007ff833c6f000 	C:\WINDOWS\System32\ADVAPI32.dll
0x00007ff833210000 - 0x00007ff8332ac000 	C:\WINDOWS\System32\sechost.dll
0x00007ff833cd0000 - 0x00007ff833df6000 	C:\WINDOWS\System32\RPCRT4.dll
0x00007ff81d960000 - 0x00007ff81d987000 	C:\WINDOWS\SYSTEM32\WINMM.dll
0x00007ff8286e0000 - 0x00007ff8286e9000 	C:\WINDOWS\SYSTEM32\WSOCK32.dll
0x00007ff82bc90000 - 0x00007ff82bc9a000 	C:\WINDOWS\SYSTEM32\VERSION.dll
0x00007ff834640000 - 0x00007ff8346ab000 	C:\WINDOWS\System32\WS2_32.dll
0x00007ff82fbb0000 - 0x00007ff82fbc2000 	C:\WINDOWS\SYSTEM32\kernel.appcore.dll
0x00007ff829d00000 - 0x00007ff829d0a000 	C:\Users\DELL\.jdks\openjdk-20.0.1\bin\jimage.dll
0x00007ff82b350000 - 0x00007ff82b534000 	C:\WINDOWS\SYSTEM32\DBGHELP.DLL
0x00007ff82b650000 - 0x00007ff82b684000 	C:\WINDOWS\SYSTEM32\dbgcore.DLL
0x00007ff831f20000 - 0x00007ff831fa2000 	C:\WINDOWS\System32\bcryptPrimitives.dll
0x00007ff81e6a0000 - 0x00007ff81e6ae000 	C:\Users\DELL\.jdks\openjdk-20.0.1\bin\instrument.dll
0x00007ff81e810000 - 0x00007ff81e836000 	C:\Users\DELL\.jdks\openjdk-20.0.1\bin\java.dll

dbghelp: loaded successfully - version: 4.0.5 - missing functions: none
symbol engine: initialized successfully - sym options: 0x614 - pdb path: .;C:\Users\DELL\.jdks\openjdk-20.0.1\bin;C:\WINDOWS\SYSTEM32;C:\WINDOWS\WinSxS\amd64_microsoft.windows.common-controls_6595b64144ccf1df_6.0.19041.1110_none_60b5254171f9507e;C:\Users\DELL\.jdks\openjdk-20.0.1\bin\server

VM Arguments:
jvm_args: -javaagent:E:\Program Files\JetBrains\IntelliJ IDEA 2023.1.3\lib\idea_rt.jar=60099:E:\program files\JetBrains\IntelliJ IDEA 2023.1.3\bin -Dfile.encoding=UTF-8 -Dsun.stdout.encoding=UTF-8 -Dsun.stderr.encoding=UTF-8 
java_command: ThreadTest2
java_class_path (initial): E:\java project\leetcode\out\production\leetcode
Launcher Type: SUN_STANDARD

[Global flags]
     intx CICompilerCount                          = 3                                         {product} {ergonomic}
     uint ConcGCThreads                            = 2                                         {product} {ergonomic}
     uint G1ConcRefinementThreads                  = 6                                         {product} {ergonomic}
   size_t G1HeapRegionSize                         = 2097152                                   {product} {ergonomic}
    uintx GCDrainStackTargetSize                   = 64                                        {product} {ergonomic}
   size_t InitialHeapSize                          = 266338304                                 {product} {ergonomic}
   size_t MarkStackSize                            = 4194304                                   {product} {ergonomic}
   size_t MaxHeapSize                              = 4253024256                                {product} {ergonomic}
   size_t MinHeapDeltaBytes                        = 2097152                                   {product} {ergonomic}
   size_t MinHeapSize                              = 8388608                                   {product} {ergonomic}
    uintx NonNMethodCodeHeapSize                   = 5832780                                {pd product} {ergonomic}
    uintx NonProfiledCodeHeapSize                  = 122912730                              {pd product} {ergonomic}
    uintx ProfiledCodeHeapSize                     = 122912730                              {pd product} {ergonomic}
    uintx ReservedCodeCacheSize                    = 251658240                              {pd product} {ergonomic}
     bool SegmentedCodeCache                       = true                                      {product} {ergonomic}
   size_t SoftMaxHeapSize                          = 4253024256                             {manageable} {ergonomic}
     bool UseCompressedClassPointers               = true                           {product lp64_product} {ergonomic}
     bool UseCompressedOops                        = true                           {product lp64_product} {ergonomic}
     bool UseG1GC                                  = true                                      {product} {ergonomic}
     bool UseLargePagesIndividualAllocation        = false                                  {pd product} {ergonomic}

Logging:
Log output configuration:
 #0: stdout all=warning uptime,level,tags foldmultilines=false
 #1: stderr all=off uptime,level,tags foldmultilines=false

Environment Variables:
JAVA_HOME=C:\Program Files\Java\jdk7
CLASSPATH=C:\Program Files\Java\jdk7\lib\dt.jar;C:\Program Files\Java\jdk7\lib\tools.jar;
PATH=C:\Program Files\NVIDIA GPU Computing Toolkit\CUDA\v11.5\bin;C:\Program Files\NVIDIA GPU Computing Toolkit\CUDA\v11.5\libnvvp;D:\anaconda;D:\anaconda\Library\mingw-w64\bin;D:\anaconda\Library\usr\bin;D:\anaconda\Library\bin;D:\anaconda\Scripts;D:\program files\vmware\bin\;C:\Program Files (x86)\Intel\Intel(R) Management Engine Components\iCLS\;C:\Program Files\Intel\Intel(R) Management Engine Components\iCLS\;C:\WINDOWS\system32;C:\WINDOWS;C:\WINDOWS\System32\Wbem;C:\WINDOWS\System32\WindowsPowerShell\v1.0\;C:\WINDOWS\System32\OpenSSH\;C:\Program Files (x86)\Intel\Intel(R) Management Engine Components\DAL;C:\Program Files\Intel\Intel(R) Management Engine Components\DAL;C:\Program Files (x86)\Intel\Intel(R) Management Engine Components\IPT;C:\Program Files\Intel\Intel(R) Management Engine Components\IPT;C:\Program Files\Microsoft\Web Platform Installer\;C:\Program Files (x86)\Microsoft ASP.NET\ASP.NET Web Pages\v1.0\;C:\Program Files\Microsoft SQL Server\110\Tools\Binn\;C:\Program Files (x86)\PuTTY\;E:\anaconda3\;E:\anaconda3\Scripts;D:\java\jdk-15.0.1\bin;C:\Program Files (x86)\NVIDIA Corporation\PhysX\Common;C:\Program Files\NVIDIA Corporation\NVIDIA NvDLISR;C:\WINDOWS\system32;C:\WINDOWS;C:\WINDOWS\System32\Wbem;C:\WINDOWS\System32\WindowsPowerShell\v1.0\;C:\WINDOWS\System32\OpenSSH\;C:\Program Files\Git\cmd;C:\Program Files\Java\jdk7\bin;C:\Program Files\Java\jdk7\jre\bin;C:\Program Files (x86)\Microsoft SQL Server\130\Tools\Binn\;C:\Program Files\Microsoft SQL Server\130\Tools\Binn\;C:\Program Files (x86)\Microsoft SQL Server\130\DTS\Binn\;C:\Program Files\Microsoft SQL Server\130\DTS\Binn\;C:\Program Files\Microsoft SQL Server\Client SDK\ODBC\130\Tools\Binn\;C:\Program Files (x86)\Microsoft SQL Server\150\DTS\Binn\;C:\Program Files\Azure Data Studio\bin;C:\Program Files\Microsoft SQL Server\150\Tools\Binn\;C:\Program Files\Microsoft SQL Server\Client SDK\ODBC\170\Tools\Binn\;C:\Program Files\NVIDIA Corporation\Nsight Compute 2021.3.1\;C:\Program Files\dotnet\;C:\Program Files (x86)\NetSarang\Xshell 7\;C:\texlive\2023\bin\windows;C:\Users\DELL\AppData\Local\Programs\Python\Python39\Scripts\;C:\Users\DELL\AppData\Local\Programs\Python\Python39\;E:\anaconda3;E:\anaconda3\Library\mingw-w64\bin;E:\anaconda3\Library\usr\bin;E:\anaconda3\Library\bin;E:\anaconda3\Scripts;C:\software\anaconda3;C:\software\anaconda3\Library\mingw-w64\bin;C:\software\anaconda3\Library\usr\bin;C:\software\anaconda3\Library\bin;C:\software\anaconda3\Scripts;C:\Users\DELL\AppData\Local\Microsoft\WindowsApps;C:\Program Files\Bandizip\;C:\Users\DELL\AppData\Local\Programs\Microsoft VS Code\bin;C:\Program Files\Java\jdk-17.0.1\bin;C:\Program Files\Java\jdk-17.0.1\jre\bin;;C:\Program Files\Azure Data Studio\bin;C:\Users\DELL\.dotnet\tools;E:\texlive\2023\bin\windows;E:\Program Files\JetBrains\IntelliJ IDEA 2023.1.3\bin;
USERNAME=DELL
OS=Windows_NT
PROCESSOR_IDENTIFIER=Intel64 Family 6 Model 158 Stepping 10, GenuineIntel
TMP=C:\Users\DELL\AppData\Local\Temp
TEMP=C:\Users\DELL\AppData\Local\Temp




---------------  S Y S T E M  ---------------

OS:
 Windows 10 , 64 bit Build 19041 (10.0.19041.3155)
OS uptime: 9 days 14:13 hours

CPU: total 6 (initial active 6) (6 cores per cpu, 1 threads per core) family 6 model 158 stepping 10 microcode 0xb4, cx8, cmov, fxsr, mmx, 3dnowpref, sse, sse2, sse3, ssse3, sse4.1, sse4.2, popcnt, lzcnt, tsc, tscinvbit, avx, avx2, aes, erms, clmul, bmi1, bmi2, rtm, adx, fma, vzeroupper, clflush, clflushopt, rdtscp, f16c

Memory: 4k page, system-wide physical 16216M (3621M free)
TotalPageFile size 30768M (AvailPageFile size 17M)
current process WorkingSet (physical memory assigned to process): 10M, peak: 10M
current process commit charge ("private bytes"): 56M, peak: 310M

vm_info: OpenJDK 64-Bit Server VM (20.0.1+9-29) for windows-amd64 JRE (20.0.1+9-29), built on 2023-03-07T13:56:11Z by "mach5one" with MS VC++ 17.1 (VS2022)

END.
